[2025-03-30 08:38:38] local.INFO: Tenant ID [ demo ] For User [ Demo PISG ] Displayed current themes  
[2025-03-30 08:38:45] local.INFO: [ demo ] [ Demo PISG ] displayed Experiment list  
[2025-03-30 08:38:50] local.INFO: [ demo ] [ Demo PISG ] Displayed Info for Experiment [1]  
[2025-03-30 08:38:50] local.INFO: [ demo ] [ Demo PISG ] Displayed Info for Experiment [ 1 ]  
[2025-03-30 10:44:06] local.INFO: [ demo ] [ Demo PISG ] Report home page displayed  
[2025-03-30 10:44:29] local.INFO: [ demo ] [ Demo PISG ] Report home page displayed  
[2025-03-30 10:58:42] local.INFO: [ demo ] [ Demo PISG ] Report home page displayed  
[2025-03-30 10:59:42] local.INFO: [ demo ] [ Demo PISG ] Report home page displayed  
[2025-03-30 11:00:16] local.INFO: [ demo ] [ Demo PISG ] Report home page displayed  
[2025-03-30 11:02:45] local.INFO: [ demo ] [ Demo PISG ] Report home page displayed  
[2025-03-30 11:20:19] local.INFO: [ demo ] [ Demo PISG ] Report home page displayed  
[2025-03-30 11:21:25] local.INFO: [ demo ] [ Demo PISG ] Report home page displayed  
[2025-03-30 11:21:59] local.INFO: [ demo ] [ Demo PISG ] Report home page displayed  
[2025-03-30 11:59:11] local.INFO: [ demo ] [ Demo PISG ] Report home page displayed  
[2025-03-30 14:26:09] local.INFO: [ demo ] [ Demo PISG ] Report home page displayed  
[2025-03-30 14:28:47] local.INFO: [ demo ] [ Demo PISG ] Report home page displayed  
[2025-03-30 14:29:24] local.INFO: [ demo ] [ Demo PISG ] Report home page displayed  
[2025-03-30 14:38:08] local.INFO: [ demo ] [ Demo PISG ] Report home page displayed  
[2025-03-30 14:40:19] local.INFO: [ demo ] [ Demo PISG ] Report home page displayed  
[2025-03-30 14:41:22] local.INFO: [ demo ] [ Demo PISG ] Report home page displayed  
[2025-03-30 14:41:28] local.INFO: [ demo ] [ Demo PISG ] Report home page displayed  
[2025-03-30 14:41:33] local.INFO: [ demo ] [ Demo PISG ] Report home page displayed  
[2025-03-30 14:42:05] local.INFO: [ demo ] [ Demo PISG ] Report home page displayed  
[2025-03-30 14:42:37] local.INFO: [ demo ] [ Demo PISG ] Report home page displayed  
[2025-03-30 14:42:42] local.INFO: [ demo ] [ Demo PISG ] Report home page displayed  
[2025-03-30 14:44:59] local.INFO: [ demo ] [ Demo PISG ] Report home page displayed  
[2025-03-30 14:45:05] local.INFO: [ demo ] [ Demo PISG ] Report home page displayed  
[2025-03-30 14:46:06] local.INFO: [ demo ] [ Demo PISG ] Report home page displayed  
[2025-03-30 14:46:12] local.INFO: [ demo ] [ Demo PISG ] Report home page displayed  
[2025-03-30 14:51:48] local.INFO: [ demo ] [ Demo PISG ] Report home page displayed  
[2025-03-30 14:56:23] local.INFO: [ demo ] [ Demo PISG ] Report home page displayed  
[2025-03-30 14:57:40] local.INFO: [ demo ] [ Demo PISG ] Report home page displayed  
[2025-03-30 14:58:53] local.INFO: [ demo ] [ Demo PISG ] Report home page displayed  
[2025-03-30 14:59:38] local.INFO: [ demo ] [ Demo PISG ] Report home page displayed  
[2025-03-30 15:02:45] local.INFO: [ demo ] [ Demo PISG ] Report home page displayed  
[2025-03-30 15:04:02] local.INFO: [ demo ] [ Demo PISG ] Report home page displayed  
[2025-03-30 15:12:43] local.INFO: [ demo ] [ Demo PISG ] Report home page displayed  
[2025-03-30 15:12:49] local.INFO: [ demo ] [ Demo PISG ] Report home page displayed  
[2025-03-30 15:14:33] local.INFO: [ demo ] [ Demo PISG ] Report home page displayed  
[2025-03-30 15:14:38] local.INFO: [ demo ] [ Demo PISG ] Report home page displayed  
[2025-03-30 15:24:15] local.INFO: [ demo ] [ Demo PISG ] Res project report [ 1_report_DhuHfwvU7nFz.pdf]  
[2025-03-30 15:25:27] local.INFO: [ demo ] [ Demo PISG ] Res project report [ 1_report_Ypr3WldsrQPX.pdf]  
[2025-03-30 15:29:06] local.INFO: [ demo ] [ Demo PISG ] Res project report [ 1_report_2Y52bUO6C2GF.pdf]  
[2025-03-30 15:30:08] local.INFO: [ demo ] [ Demo PISG ] Res project report [ 1_report_illBJgd2qF3p.pdf]  
[2025-03-30 15:31:34] local.INFO: [ demo ] [ Demo PISG ] Res project report [ 1_report_hDOxi1abXuF1.pdf]  
[2025-03-30 15:35:09] local.INFO: [ demo ] [ Demo PISG ] Res project report [ 1_report_M3EBU8iqQACw.pdf]  
[2025-03-30 15:36:49] local.INFO: [ demo ] [ Demo PISG ] Res project report [ 1_report_2GFb3VMzUdlY.pdf]  
[2025-03-30 15:37:27] local.INFO: [ demo ] [ Demo PISG ] Res project report [ 1_report_pukRvhGWfPGM.pdf]  
[2025-03-30 15:37:50] local.INFO: [ demo ] [ Demo PISG ] Res project report [ 1_report_iNssDHgbsbic.pdf]  
[2025-03-30 15:37:50] local.INFO: [ demo ] [ Demo PISG ] saved report file [ 1_report_iNssDHgbsbic.pdf ]  
[2025-03-30 15:39:03] local.INFO: [ demo ] [ Demo PISG ] Report home page displayed  
