[2025-03-25 04:20:52] local.INFO: Tenant ID [ demo ] For User [ Demo PISG ] Displayed current themes  
[2025-03-25 04:20:55] local.INFO: [ demo ] [ Demo PISG ] displayed Experiment list  
[2025-03-25 04:20:59] local.INFO: [ demo ] [ Demo PISG ] Displayed Info for Experiment [1]  
[2025-03-25 04:20:59] local.INFO: [ demo ] [ Demo PISG ] Displayed Info for Experiment [ 1 ]  
[2025-03-25 04:39:56] local.INFO: Tenant ID [ demo ] For User [ Demo PISG ] Displayed current themes  
[2025-03-25 04:39:58] local.INFO: [ demo ] [ Demo PISG ] displayed Experiment list  
[2025-03-25 04:42:52] local.INFO: [ demo ] [ Demo PISG ] displayed Experiment list  
[2025-03-25 04:47:14] local.INFO: [ demo ] [ Demo PISG ] displayed Experiment list  
[2025-03-25 04:47:17] local.INFO: [ demo ] [ Demo PISG ] Displayed Info for Experiment [1]  
[2025-03-25 04:47:17] local.INFO: [ demo ] [ Demo PISG ] Displayed Info for Experiment [ 1 ]  
[2025-03-25 04:48:03] local.INFO: [ demo ] [ Demo PISG ] Displayed Info for Experiment [1]  
[2025-03-25 04:48:03] local.INFO: [ demo ] [ Demo PISG ] Displayed Info for Experiment [ 1 ]  
[2025-03-25 05:35:08] local.INFO: [ demo ] [ Demo PISG ] Displayed Info for Experiment [1]  
[2025-03-25 05:35:08] local.INFO: [ demo ] [ Demo PISG ] Displayed Info for Experiment [ 1 ]  
[2025-03-25 05:49:45] local.INFO: [ demo ] [ Demo PISG ] Displayed Info for Experiment [1]  
[2025-03-25 05:49:45] local.INFO: [ demo ] [ Demo PISG ] Displayed Info for Experiment [ 1 ]  
[2025-03-25 05:50:55] local.INFO: [ demo ] [ Demo PISG ] Displayed Info for Experiment [1]  
[2025-03-25 05:50:55] local.INFO: [ demo ] [ Demo PISG ] Displayed Info for Experiment [ 1 ]  
[2025-03-25 05:51:27] local.INFO: [ demo ] [ Demo PISG ] Displayed Info for Experiment [1]  
[2025-03-25 05:51:27] local.INFO: [ demo ] [ Demo PISG ] Displayed Info for Experiment [ 1 ]  
[2025-03-25 05:51:59] local.INFO: [ demo ] [ Demo PISG ] Displayed Info for Experiment [1]  
[2025-03-25 05:51:59] local.INFO: [ demo ] [ Demo PISG ] Displayed Info for Experiment [ 1 ]  
[2025-03-25 05:52:39] local.INFO: [ demo ] [ Demo PISG ] Displayed Info for Experiment [1]  
[2025-03-25 05:52:39] local.INFO: [ demo ] [ Demo PISG ] Displayed Info for Experiment [ 1 ]  
[2025-03-25 05:53:00] local.INFO: [ demo ] [ Demo PISG ] Displayed Info for Experiment [1]  
[2025-03-25 05:53:00] local.INFO: [ demo ] [ Demo PISG ] Displayed Info for Experiment [ 1 ]  
[2025-03-25 05:53:21] local.INFO: [ demo ] [ Demo PISG ] Displayed Info for Experiment [1]  
[2025-03-25 05:53:21] local.INFO: [ demo ] [ Demo PISG ] Displayed Info for Experiment [ 1 ]  
[2025-03-25 05:56:16] local.INFO: [ demo ] [ Demo PISG ] Displayed Info for Experiment [1]  
[2025-03-25 05:56:16] local.INFO: [ demo ] [ Demo PISG ] Displayed Info for Experiment [ 1 ]  
[2025-03-25 06:00:54] local.INFO: [ demo ] [ Demo PISG ] Displayed Info for Experiment [1]  
[2025-03-25 06:00:54] local.INFO: [ demo ] [ Demo PISG ] Displayed Info for Experiment [ 1 ]  
[2025-03-25 06:01:23] local.INFO: [ demo ] [ Demo PISG ] Displayed Info for Experiment [1]  
[2025-03-25 06:01:23] local.INFO: [ demo ] [ Demo PISG ] Displayed Info for Experiment [ 1 ]  
[2025-03-25 06:02:12] local.INFO: [ demo ] [ Demo PISG ] Displayed Info for Experiment [1]  
[2025-03-25 06:02:12] local.INFO: [ demo ] [ Demo PISG ] Displayed Info for Experiment [ 1 ]  
[2025-03-25 06:02:49] local.INFO: [ demo ] [ Demo PISG ] Displayed Info for Experiment [1]  
[2025-03-25 06:02:49] local.INFO: [ demo ] [ Demo PISG ] Displayed Info for Experiment [ 1 ]  
[2025-03-25 06:03:03] local.INFO: Tenant ID [ demo ] For User [ Demo PISG ] Displayed current themes  
[2025-03-25 06:03:05] local.INFO: [ demo ] [ Demo PISG ] displayed Experiment list  
[2025-03-25 06:03:08] local.INFO: [ demo ] [ Demo PISG ] Displayed Info for Experiment [1]  
[2025-03-25 06:03:08] local.INFO: [ demo ] [ Demo PISG ] Displayed Info for Experiment [ 1 ]  
[2025-03-25 06:04:52] local.INFO: Tenant ID [ demo ] For User [ Demo PISG ] Displayed current themes  
[2025-03-25 06:04:55] local.INFO: [ demo ] [ Demo PISG ] displayed Experiment list  
[2025-03-25 06:04:58] local.INFO: [ demo ] [ Demo PISG ] Displayed Info for Experiment [1]  
[2025-03-25 06:04:58] local.INFO: [ demo ] [ Demo PISG ] Displayed Info for Experiment [ 1 ]  
[2025-03-25 06:25:13] local.INFO: [ demo ] [ Demo PISG ] Displayed Info for Experiment [1]  
[2025-03-25 06:25:13] local.INFO: [ demo ] [ Demo PISG ] Displayed Info for Experiment [ 1 ]  
[2025-03-25 06:25:24] local.INFO: Tenant ID [ demo ] For User [ Demo PISG ] Displayed current themes  
[2025-03-25 06:25:26] local.INFO: [ demo ] [ Demo PISG ] displayed Experiment list  
[2025-03-25 06:25:29] local.INFO: [ demo ] [ Demo PISG ] Displayed Info for Experiment [1]  
[2025-03-25 06:25:29] local.INFO: [ demo ] [ Demo PISG ] Displayed Info for Experiment [ 1 ]  
[2025-03-25 06:29:10] local.INFO: [ demo ] [ Demo PISG ] Displayed Info for Experiment [1]  
[2025-03-25 06:29:10] local.INFO: [ demo ] [ Demo PISG ] Displayed Info for Experiment [ 1 ]  
[2025-03-25 06:29:19] local.INFO: Tenant ID [ demo ] For User [ Demo PISG ] Displayed current themes  
[2025-03-25 06:29:21] local.INFO: [ demo ] [ Demo PISG ] displayed Experiment list  
[2025-03-25 06:29:24] local.INFO: [ demo ] [ Demo PISG ] Displayed Info for Experiment [1]  
[2025-03-25 06:29:24] local.INFO: [ demo ] [ Demo PISG ] Displayed Info for Experiment [ 1 ]  
[2025-03-25 06:30:42] local.INFO: Tenant ID [ demo ] For User [ Demo PISG ] Displayed current themes  
[2025-03-25 06:30:45] local.INFO: [ demo ] [ Demo PISG ] displayed Experiment list  
[2025-03-25 06:30:48] local.INFO: [ demo ] [ Demo PISG ] Displayed Info for Experiment [1]  
[2025-03-25 06:30:48] local.INFO: [ demo ] [ Demo PISG ] Displayed Info for Experiment [ 1 ]  
[2025-03-25 06:33:04] local.INFO: [ demo ] [ Demo PISG ] Displayed Info for Experiment [1]  
[2025-03-25 06:33:04] local.INFO: [ demo ] [ Demo PISG ] Displayed Info for Experiment [ 1 ]  
[2025-03-25 06:33:15] local.INFO: Tenant ID [ demo ] For User [ Demo PISG ] Displayed current themes  
[2025-03-25 06:33:18] local.INFO: [ demo ] [ Demo PISG ] displayed Experiment list  
[2025-03-25 06:33:22] local.INFO: [ demo ] [ Demo PISG ] Displayed Info for Experiment [1]  
[2025-03-25 06:33:22] local.INFO: [ demo ] [ Demo PISG ] Displayed Info for Experiment [ 1 ]  
[2025-03-25 06:34:30] local.INFO: [ demo ] [ Demo PISG ] Displayed Info for Experiment [1]  
[2025-03-25 06:34:30] local.INFO: [ demo ] [ Demo PISG ] Displayed Info for Experiment [ 1 ]  
[2025-03-25 06:35:39] local.INFO: [ demo ] [ Demo PISG ] Displayed Info for Experiment [1]  
[2025-03-25 06:35:39] local.INFO: [ demo ] [ Demo PISG ] Displayed Info for Experiment [ 1 ]  
[2025-03-25 06:35:47] local.INFO: Tenant ID [ demo ] For User [ Demo PISG ] Displayed current themes  
[2025-03-25 06:35:50] local.INFO: [ demo ] [ Demo PISG ] displayed Experiment list  
[2025-03-25 06:35:53] local.INFO: [ demo ] [ Demo PISG ] Displayed Info for Experiment [1]  
[2025-03-25 06:35:53] local.INFO: [ demo ] [ Demo PISG ] Displayed Info for Experiment [ 1 ]  
[2025-03-25 07:43:19] local.INFO: Tenant ID [ demo ] For User [ Demo PISG ] Displayed current themes  
[2025-03-25 07:43:22] local.INFO: [ demo ] [ Demo PISG ] displayed Experiment list  
[2025-03-25 07:43:25] local.INFO: [ demo ] [ Demo PISG ] Displayed Info for Experiment [1]  
[2025-03-25 07:43:25] local.INFO: [ demo ] [ Demo PISG ] Displayed Info for Experiment [ 1 ]  
[2025-03-25 07:44:43] local.INFO: [ demo ] [ Demo PISG ] Displayed Info for Experiment [1]  
[2025-03-25 07:44:43] local.INFO: [ demo ] [ Demo PISG ] Displayed Info for Experiment [ 1 ]  
[2025-03-25 07:49:02] local.INFO: [ demo ] [ Demo PISG ] saved Image file for experiment id [ 1 ]  
[2025-03-25 07:49:02] local.INFO: [ demo ] [ Demo PISG ] Experiment notes, images updated for experiment id [ 1 ]  
[2025-03-25 07:51:24] local.INFO: Tenant ID [ demo ] For User [ Demo PISG ] Displayed current themes  
[2025-03-25 07:51:27] local.INFO: [ demo ] [ Demo PISG ] displayed Experiment list  
[2025-03-25 07:51:30] local.INFO: [ demo ] [ Demo PISG ] Displayed Info for Experiment [1]  
[2025-03-25 07:51:30] local.INFO: [ demo ] [ Demo PISG ] Displayed Info for Experiment [ 1 ]  
[2025-03-25 08:22:51] local.INFO: [ demo ] [ Demo PISG ] Experiment notes, images updated for experiment id [ 1 ]  
[2025-03-25 08:23:41] local.INFO: Tenant ID [ demo ] For User [ Demo PISG ] Displayed current themes  
[2025-03-25 08:23:44] local.INFO: [ demo ] [ Demo PISG ] displayed Experiment list  
[2025-03-25 08:23:46] local.INFO: [ demo ] [ Demo PISG ] Displayed Info for Experiment [1]  
[2025-03-25 08:23:46] local.INFO: [ demo ] [ Demo PISG ] Displayed Info for Experiment [ 1 ]  
[2025-03-25 08:24:26] local.INFO: [ demo ] [ Demo PISG ] saved Image file for experiment id [ 1 ]  
[2025-03-25 08:24:26] local.INFO: [ demo ] [ Demo PISG ] Experiment notes, images updated for experiment id [ 1 ]  
[2025-03-25 08:25:49] local.INFO: [ demo ] [ Demo PISG ] Displayed Info for Experiment [1]  
[2025-03-25 08:25:49] local.INFO: [ demo ] [ Demo PISG ] Displayed Info for Experiment [ 1 ]  
[2025-03-25 08:27:03] local.INFO: [ demo ] [ Demo PISG ] Displayed Info for Experiment [1]  
[2025-03-25 08:27:03] local.INFO: [ demo ] [ Demo PISG ] Displayed Info for Experiment [ 1 ]  
[2025-03-25 08:28:10] local.INFO: [ demo ] [ Demo PISG ] Displayed Info for Experiment [1]  
[2025-03-25 08:28:10] local.INFO: [ demo ] [ Demo PISG ] Displayed Info for Experiment [ 1 ]  
[2025-03-25 08:28:41] local.INFO: [ demo ] [ Demo PISG ] Displayed Info for Experiment [1]  
[2025-03-25 08:28:41] local.INFO: [ demo ] [ Demo PISG ] Displayed Info for Experiment [ 1 ]  
[2025-03-25 08:30:10] local.INFO: [ demo ] [ Demo PISG ] Displayed Info for Experiment [1]  
[2025-03-25 08:30:10] local.INFO: [ demo ] [ Demo PISG ] Displayed Info for Experiment [ 1 ]  
[2025-03-25 08:34:09] local.INFO: [ demo ] [ Demo PISG ] Displayed Info for Experiment [1]  
[2025-03-25 08:34:09] local.INFO: [ demo ] [ Demo PISG ] Displayed Info for Experiment [ 1 ]  
[2025-03-25 08:35:38] local.INFO: Tenant ID [ demo ] For User [ Demo PISG ] Displayed current themes  
[2025-03-25 08:35:40] local.INFO: [ demo ] [ Demo PISG ] displayed Experiment list  
[2025-03-25 08:35:43] local.INFO: [ demo ] [ Demo PISG ] Displayed Info for Experiment [1]  
[2025-03-25 08:35:43] local.INFO: [ demo ] [ Demo PISG ] Displayed Info for Experiment [ 1 ]  
[2025-03-25 08:36:02] local.INFO: [ demo ] [ Demo PISG ] requested image file [ /public/expts/gels/1/ ]  
[2025-03-25 09:43:20] local.INFO: Tenant ID [ demo ] For User [ Demo PISG ] Displayed current themes  
[2025-03-25 09:43:25] local.INFO: [ demo ] [ Demo PISG ] displayed Experiment list  
[2025-03-25 09:43:28] local.INFO: [ demo ] [ Demo PISG ] Displayed Info for Experiment [1]  
[2025-03-25 09:43:28] local.INFO: [ demo ] [ Demo PISG ] Displayed Info for Experiment [ 1 ]  
[2025-03-25 09:46:30] local.INFO: [ demo ] [ Demo PISG ] Displayed Info for Experiment [1]  
[2025-03-25 09:46:30] local.INFO: [ demo ] [ Demo PISG ] Displayed Info for Experiment [ 1 ]  
[2025-03-25 09:48:32] local.INFO: [ demo ] [ Demo PISG ] Displayed Info for Experiment [1]  
[2025-03-25 09:48:32] local.INFO: [ demo ] [ Demo PISG ] Displayed Info for Experiment [ 1 ]  
[2025-03-25 09:56:05] local.INFO: Tenant ID [ demo ] For User [ Demo PISG ] Displayed current themes  
[2025-03-25 09:56:07] local.INFO: [ demo ] [ Demo PISG ] displayed Experiment list  
[2025-03-25 09:56:11] local.INFO: [ demo ] [ Demo PISG ] Displayed Info for Experiment [1]  
[2025-03-25 09:56:11] local.INFO: [ demo ] [ Demo PISG ] Displayed Info for Experiment [ 1 ]  
[2025-03-25 09:59:49] local.INFO: [ demo ] [ Demo PISG ] requested image file [ expts/documents/1/Ghc4z4X8_Expt1.txt ]  
[2025-03-25 10:00:47] local.INFO: [ demo ] [ Demo PISG ] Displayed Info for Experiment [1]  
[2025-03-25 10:00:47] local.INFO: [ demo ] [ Demo PISG ] Displayed Info for Experiment [ 1 ]  
[2025-03-25 10:02:07] local.INFO: [ demo ] [ Demo PISG ] Displayed Info for Experiment [1]  
[2025-03-25 10:02:07] local.INFO: [ demo ] [ Demo PISG ] Displayed Info for Experiment [ 1 ]  
[2025-03-25 10:03:19] local.INFO: [ demo ] [ Demo PISG ] Displayed Info for Experiment [1]  
[2025-03-25 10:03:19] local.INFO: [ demo ] [ Demo PISG ] Displayed Info for Experiment [ 1 ]  
[2025-03-25 10:42:22] local.INFO: Tenant ID [ demo ] For User [ Demo PISG ] Displayed current themes  
[2025-03-25 10:42:26] local.INFO: [ demo ] [ Demo PISG ] displayed Experiment list  
[2025-03-25 10:42:30] local.INFO: [ demo ] [ Demo PISG ] Displayed Info for Experiment [1]  
[2025-03-25 10:42:30] local.INFO: [ demo ] [ Demo PISG ] Displayed Info for Experiment [ 1 ]  
[2025-03-25 10:50:23] local.INFO: Tenant ID [ demo ] For User [ Demo PISG ] Displayed current themes  
[2025-03-25 10:50:27] local.INFO: [ demo ] [ Demo PISG ] displayed Experiment list  
[2025-03-25 10:50:31] local.INFO: [ demo ] [ Demo PISG ] Displayed Info for Experiment [1]  
[2025-03-25 10:50:31] local.INFO: [ demo ] [ Demo PISG ] Displayed Info for Experiment [ 1 ]  
[2025-03-25 10:52:43] local.INFO: Tenant ID [ demo ] For User [ Demo PISG ] Displayed current themes  
[2025-03-25 10:52:47] local.INFO: [ demo ] [ Demo PISG ] displayed Experiment list  
[2025-03-25 10:52:51] local.INFO: [ demo ] [ Demo PISG ] Displayed Info for Experiment [1]  
[2025-03-25 10:52:51] local.INFO: [ demo ] [ Demo PISG ] Displayed Info for Experiment [ 1 ]  
[2025-03-25 11:04:05] local.INFO: Tenant ID [ demo ] For User [ Demo PISG ] Displayed current themes  
[2025-03-25 11:04:08] local.INFO: [ demo ] [ Demo PISG ] displayed Experiment list  
[2025-03-25 11:04:11] local.INFO: [ demo ] [ Demo PISG ] Displayed Info for Experiment [1]  
[2025-03-25 11:04:11] local.INFO: [ demo ] [ Demo PISG ] Displayed Info for Experiment [ 1 ]  
[2025-03-25 11:16:51] local.INFO: Tenant ID [ demo ] For User [ Demo PISG ] Displayed current themes  
[2025-03-25 11:16:55] local.INFO: [ demo ] [ Demo PISG ] displayed Experiment list  
[2025-03-25 11:16:58] local.INFO: [ demo ] [ Demo PISG ] Displayed Info for Experiment [1]  
[2025-03-25 11:16:58] local.INFO: [ demo ] [ Demo PISG ] Displayed Info for Experiment [ 1 ]  
[2025-03-25 11:22:16] local.INFO: Tenant ID [ demo ] For User [ Demo PISG ] Displayed current themes  
[2025-03-25 11:22:20] local.INFO: [ demo ] [ Demo PISG ] displayed Experiment list  
[2025-03-25 11:22:25] local.INFO: [ demo ] [ Demo PISG ] Displayed Info for Experiment [1]  
[2025-03-25 11:22:25] local.INFO: [ demo ] [ Demo PISG ] Displayed Info for Experiment [ 1 ]  
[2025-03-25 11:25:54] local.INFO: Tenant ID [ demo ] For User [ Demo PISG ] Displayed current themes  
[2025-03-25 11:25:58] local.INFO: [ demo ] [ Demo PISG ] displayed Experiment list  
[2025-03-25 11:26:02] local.INFO: [ demo ] [ Demo PISG ] Displayed Info for Experiment [1]  
[2025-03-25 11:26:02] local.INFO: [ demo ] [ Demo PISG ] Displayed Info for Experiment [ 1 ]  
[2025-03-25 11:39:39] local.INFO: Tenant ID [ demo ] For User [ Demo PISG ] Displayed current themes  
[2025-03-25 11:39:43] local.INFO: [ demo ] [ Demo PISG ] displayed Experiment list  
[2025-03-25 11:39:48] local.INFO: [ demo ] [ Demo PISG ] Displayed Info for Experiment [1]  
[2025-03-25 11:39:48] local.INFO: [ demo ] [ Demo PISG ] Displayed Info for Experiment [ 1 ]  
[2025-03-25 14:19:12] local.INFO: Tenant ID [ demo ] For User [ Demo PISG ] Displayed current themes  
[2025-03-25 14:19:19] local.INFO: [ demo ] [ Demo PISG ] displayed Experiment list  
[2025-03-25 14:19:24] local.INFO: [ demo ] [ Demo PISG ] Displayed Info for Experiment [1]  
[2025-03-25 14:19:24] local.INFO: [ demo ] [ Demo PISG ] Displayed Info for Experiment [ 1 ]  
[2025-03-25 15:03:51] local.INFO: [ demo ] [ Demo PISG ] Displayed Info for Experiment [1]  
[2025-03-25 15:03:51] local.INFO: [ demo ] [ Demo PISG ] Displayed Info for Experiment [ 1 ]  
[2025-03-25 15:05:27] local.INFO: [ demo ] [ Demo PISG ] Displayed Info for Experiment [1]  
[2025-03-25 15:05:27] local.INFO: [ demo ] [ Demo PISG ] Displayed Info for Experiment [ 1 ]  
[2025-03-25 15:10:58] local.INFO: [ demo ] [ Demo PISG ] Displayed Info for Experiment [1]  
[2025-03-25 15:10:58] local.INFO: [ demo ] [ Demo PISG ] Displayed Info for Experiment [ 1 ]  
[2025-03-25 15:20:19] local.INFO: Tenant ID [ demo ] For User [ Demo PISG ] Displayed current themes  
[2025-03-25 15:20:26] local.INFO: [ demo ] [ Demo PISG ] displayed Experiment list  
[2025-03-25 15:20:30] local.INFO: [ demo ] [ Demo PISG ] Displayed Info for Experiment [1]  
[2025-03-25 15:20:30] local.INFO: [ demo ] [ Demo PISG ] Displayed Info for Experiment [ 1 ]  
[2025-03-25 15:26:30] local.INFO: [ demo ] [ Demo PISG ] saved Image file for experiment id [ 1 ]  
[2025-03-25 15:26:30] local.INFO: [ demo ] [ Demo PISG ] Experiment notes, images updated for experiment id [ 1 ]  
[2025-03-25 15:27:23] local.INFO: Tenant ID [ demo ] For User [ Demo PISG ] Displayed current themes  
[2025-03-25 15:27:25] local.INFO: [ demo ] [ Demo PISG ] displayed Experiment list  
[2025-03-25 15:27:28] local.INFO: [ demo ] [ Demo PISG ] Displayed Info for Experiment [1]  
[2025-03-25 15:27:28] local.INFO: [ demo ] [ Demo PISG ] Displayed Info for Experiment [ 1 ]  
[2025-03-25 15:43:25] local.INFO: Tenant ID [ demo ] For User [ Demo PISG ] Displayed current themes  
[2025-03-25 15:43:27] local.INFO: [ demo ] [ Demo PISG ] displayed Experiment list  
[2025-03-25 15:43:30] local.INFO: [ demo ] [ Demo PISG ] Displayed Info for Experiment [1]  
[2025-03-25 15:43:30] local.INFO: [ demo ] [ Demo PISG ] Displayed Info for Experiment [ 1 ]  
[2025-03-25 19:15:32] local.INFO: Tenant ID [ demo ] For User [ Demo PISG ] Displayed current themes  
[2025-03-25 19:15:35] local.INFO: [ demo ] [ Demo PISG ] displayed Experiment list  
[2025-03-25 19:15:38] local.INFO: [ demo ] [ Demo PISG ] Displayed Info for Experiment [1]  
[2025-03-25 19:15:38] local.INFO: [ demo ] [ Demo PISG ] Displayed Info for Experiment [ 1 ]  
[2025-03-25 19:17:03] local.INFO: [ demo ] [ Demo PISG ] requested image file [ expts/images/1/uOBj4ZKN_Expt1.jpg ]  
[2025-03-25 19:34:34] local.INFO: [ demo ] [ Demo PISG ] Displayed Info for Experiment [1]  
[2025-03-25 19:34:35] local.INFO: [ demo ] [ Demo PISG ] Displayed Info for Experiment [ 1 ]  
[2025-03-25 19:34:36] local.INFO: [ demo ] [ Demo PISG ] Displayed Info for Experiment [1]  
[2025-03-25 19:34:36] local.INFO: [ demo ] [ Demo PISG ] Displayed Info for Experiment [ 1 ]  
[2025-03-25 19:34:47] local.INFO: [ demo ] [ Demo PISG ] Displayed Info for Experiment [1]  
[2025-03-25 19:34:47] local.INFO: [ demo ] [ Demo PISG ] Displayed Info for Experiment [ 1 ]  
[2025-03-25 19:35:18] local.INFO: [ demo ] [ Demo PISG ] Displayed Info for Experiment [1]  
[2025-03-25 19:35:18] local.INFO: [ demo ] [ Demo PISG ] Displayed Info for Experiment [ 1 ]  
[2025-03-25 19:35:57] local.INFO: [ demo ] [ Demo PISG ] Displayed Info for Experiment [1]  
[2025-03-25 19:35:57] local.INFO: [ demo ] [ Demo PISG ] Displayed Info for Experiment [ 1 ]  
[2025-03-25 19:37:04] local.INFO: [ demo ] [ Demo PISG ] Displayed Info for Experiment [1]  
[2025-03-25 19:37:04] local.INFO: [ demo ] [ Demo PISG ] Displayed Info for Experiment [ 1 ]  
[2025-03-25 19:37:08] local.INFO: [ demo ] [ Demo PISG ] Displayed Info for Experiment [1]  
[2025-03-25 19:37:08] local.INFO: [ demo ] [ Demo PISG ] Displayed Info for Experiment [ 1 ]  
[2025-03-25 19:39:30] local.INFO: [ demo ] [ Demo PISG ] displayed Experiment list  
[2025-03-25 19:39:34] local.INFO: [ demo ] [ Demo PISG ] Displayed Info for Experiment [1]  
[2025-03-25 19:39:34] local.INFO: [ demo ] [ Demo PISG ] Displayed Info for Experiment [ 1 ]  
[2025-03-25 19:40:52] local.INFO: [ demo ] [ Demo PISG ] displayed Experiment list  
[2025-03-25 19:40:56] local.INFO: [ demo ] [ Demo PISG ] Displayed Info for Experiment [1]  
[2025-03-25 19:40:56] local.INFO: [ demo ] [ Demo PISG ] Displayed Info for Experiment [ 1 ]  
[2025-03-25 19:42:29] local.INFO: [ demo ] [ Demo PISG ] displayed Experiment list  
[2025-03-25 19:42:50] local.INFO: [ demo ] [ Demo PISG ] displayed Experiment list  
[2025-03-25 19:43:42] local.INFO: [ demo ] [ Demo PISG ] displayed Experiment list  
[2025-03-25 19:44:01] local.INFO: [ demo ] [ Demo PISG ] displayed Experiment list  
[2025-03-25 19:44:26] local.INFO: [ demo ] [ Demo PISG ] Displayed Info for Experiment [1]  
[2025-03-25 19:44:26] local.INFO: [ demo ] [ Demo PISG ] Displayed Info for Experiment [ 1 ]  
[2025-03-25 19:54:58] local.INFO: [ demo ] [ Demo PISG ] displayed Experiment list  
[2025-03-25 19:55:02] local.INFO: [ demo ] [ Demo PISG ] Displayed Info for Experiment [1]  
[2025-03-25 19:55:02] local.INFO: [ demo ] [ Demo PISG ] Displayed Info for Experiment [ 1 ]  
[2025-03-25 19:55:29] local.INFO: [ demo ] [ Demo PISG ] displayed Experiment list  
[2025-03-25 19:55:33] local.INFO: [ demo ] [ Demo PISG ] Displayed Info for Experiment [1]  
[2025-03-25 19:55:33] local.INFO: [ demo ] [ Demo PISG ] Displayed Info for Experiment [ 1 ]  
[2025-03-25 20:03:15] local.INFO: [ demo ] [ Demo PISG ] displayed Experiment list  
[2025-03-25 20:05:35] local.INFO: Tenant ID [ demo ] For User [ Demo PISG ] Displayed current themes  
[2025-03-25 20:05:38] local.INFO: [ demo ] [ Demo PISG ] displayed Experiment list  
