[2025-04-02 07:35:54] local.INFO: Tenant ID [ demo ] For User [ Demo PISG ] Displayed current themes  
[2025-04-02 07:36:01] local.INFO: Tenant ID [ demo ] For User [ Demo PISG ] Displayed current themes  
[2025-04-02 07:36:12] local.INFO: Tenant ID [ demo ] For User [ Demo PISG ] Displayed current themes  
[2025-04-02 07:36:16] local.INFO: Tenant ID [ demo ] For User [ Demo PISG ] Displayed current themes  
[2025-04-02 07:36:45] local.INFO: Tenant ID [ demo ] For User [ Demo PISG ] Displayed current themes  
[2025-04-02 07:36:50] local.INFO: Tenant ID [ demo ] For User [ Demo PISG ] Displayed current themes  
[2025-04-02 07:40:19] local.INFO: Tenant ID [ demo ] For User [ Demo PISG ] Displayed current themes  
[2025-04-02 07:43:41] local.INFO: Tenant ID [ demo ] For User [ Demo PISG ] Displayed current themes  
[2025-04-02 07:44:53] local.INFO: Tenant ID [ demo ] For User [ Demo PISG ] Displayed current themes  
[2025-04-02 07:44:57] local.INFO: [ demo ] [ Demo PISG ] new expt form displayed  
[2025-04-02 07:48:43] local.INFO: [ demo ] [ Demo PISG ] displayed Experiment list  
[2025-04-02 07:48:46] local.INFO: [ demo ] [ Demo PISG ] Displayed Info for Experiment [1]  
[2025-04-02 07:48:46] local.INFO: [ demo ] [ Demo PISG ] Displayed Info for Experiment [ 1 ]  
[2025-04-02 07:50:23] local.INFO: Tenant ID [ demo ] For User [ Demo PISG ] Displayed current themes  
[2025-04-02 17:56:35] local.INFO: Tenant ID [ demo ] For User [ Demo PISG ] Displayed current themes  
[2025-04-02 17:58:34] local.INFO: [ demo ] [ Demo PISG ] saved new theme [ The New refined procedure of isolation serum extraction for identification ]  
[2025-04-02 17:58:38] local.INFO: Tenant ID [ demo ] For User [ Demo PISG ] Displayed current themes  
[2025-04-02 17:58:49] local.INFO: [ demo ] [ Demo PISG ] new expt form displayed  
[2025-04-02 18:14:42] local.INFO: [ demo ] [ Demo PISG ] new expt form displayed  
[2025-04-02 18:17:13] local.INFO: [ demo ] [ Demo PISG ] saved new expt [ 2 ]  
[2025-04-02 18:17:13] local.INFO: [ demo ] [ Demo PISG ] new experiment form reset  
[2025-04-02 18:17:19] local.INFO: [ demo ] [ Demo PISG ] displayed Experiment list  
[2025-04-02 18:17:23] local.INFO: [ demo ] [ Demo PISG ] Displayed Info for Experiment [2]  
[2025-04-02 18:17:23] local.INFO: [ demo ] [ Demo PISG ] Displayed Info for Experiment [ 2 ]  
[2025-04-02 18:22:40] local.INFO: [ demo ] [ Demo PISG ] new expt form displayed  
[2025-04-02 18:25:49] local.INFO: [ demo ] [ Demo PISG ] saved new expt [ 3 ]  
[2025-04-02 18:27:32] local.INFO: [ demo ] [ Demo PISG ] displayed Experiment list  
[2025-04-02 18:27:42] local.INFO: [ demo ] [ Demo PISG ] new expt form displayed  
[2025-04-02 18:30:52] local.INFO: [ demo ] [ Demo PISG ] saved new expt [ 4 ]  
[2025-04-02 18:30:52] local.INFO: [ demo ] [ Demo PISG ] saved Image file for experiment id [ 4 ]  
[2025-04-02 18:30:52] local.INFO: [ demo ] [ Demo PISG ] saved Image file for experiment id [ 4 ]  
[2025-04-02 18:30:52] local.INFO: [ demo ] [ Demo PISG ] saved Image file for experiment id [ 4 ]  
[2025-04-02 18:30:52] local.INFO: [ demo ] [ Demo PISG ] new experiment form reset  
[2025-04-02 18:36:10] local.INFO: [ demo ] [ Demo PISG ] displayed Experiment list  
[2025-04-02 18:36:14] local.INFO: [ demo ] [ Demo PISG ] Displayed Info for Experiment [4]  
[2025-04-02 18:36:14] local.INFO: [ demo ] [ Demo PISG ] Displayed Info for Experiment [ 4 ]  
[2025-04-02 18:40:05] local.INFO: [ demo ] [ Demo PISG ] Displayed Info for Experiment [4]  
[2025-04-02 18:40:05] local.INFO: [ demo ] [ Demo PISG ] Displayed Info for Experiment [ 4 ]  
[2025-04-02 18:40:16] local.INFO: Tenant ID [ demo ] For User [ Demo PISG ] Displayed current themes  
[2025-04-02 18:40:19] local.INFO: [ demo ] [ Demo PISG ] displayed Experiment list  
[2025-04-02 18:40:25] local.INFO: [ demo ] [ Demo PISG ] Displayed Info for Experiment [4]  
[2025-04-02 18:40:25] local.INFO: [ demo ] [ Demo PISG ] Displayed Info for Experiment [ 4 ]  
