[2025-03-24 05:31:27] local.INFO: Tenant ID [ demo ] For User [ Demo PISG ] Displayed current themes  
[2025-03-24 05:31:30] local.INFO: [ demo ] [ Demo PISG ] displayed Experiment list  
[2025-03-24 05:31:35] local.INFO: [ demo ] [ Demo PISG ] Displayed Info for Experiment [1]  
[2025-03-24 05:31:35] local.INFO: [ demo ] [ Demo PISG ] Displayed Info for Experiment [ 1 ]  
[2025-03-24 05:49:10] local.INFO: Tenant ID [ demo ] For User [ Demo PISG ] Displayed current themes  
[2025-03-24 05:49:15] local.INFO: [ demo ] [ Demo PISG ] displayed Experiment list  
[2025-03-24 05:49:18] local.INFO: [ demo ] [ Demo PISG ] Displayed Info for Experiment [1]  
[2025-03-24 05:49:18] local.INFO: [ demo ] [ Demo PISG ] Displayed Info for Experiment [ 1 ]  
[2025-03-24 05:51:19] local.INFO: Tenant ID [ demo ] For User [ Demo PISG ] Displayed current themes  
[2025-03-24 05:51:22] local.INFO: [ demo ] [ Demo PISG ] displayed Experiment list  
[2025-03-24 05:51:25] local.INFO: [ demo ] [ Demo PISG ] Displayed Info for Experiment [1]  
[2025-03-24 05:51:25] local.INFO: [ demo ] [ Demo PISG ] Displayed Info for Experiment [ 1 ]  
[2025-03-24 05:54:07] local.INFO: Tenant ID [ demo ] For User [ Demo PISG ] Displayed current themes  
[2025-03-24 05:54:10] local.INFO: [ demo ] [ Demo PISG ] displayed Experiment list  
[2025-03-24 05:54:14] local.INFO: [ demo ] [ Demo PISG ] Displayed Info for Experiment [1]  
[2025-03-24 05:54:14] local.INFO: [ demo ] [ Demo PISG ] Displayed Info for Experiment [ 1 ]  
[2025-03-24 06:03:05] local.INFO: Tenant ID [ demo ] For User [ Demo PISG ] Displayed current themes  
[2025-03-24 06:03:08] local.INFO: [ demo ] [ Demo PISG ] displayed Experiment list  
[2025-03-24 06:03:11] local.INFO: [ demo ] [ Demo PISG ] Displayed Info for Experiment [1]  
[2025-03-24 06:03:11] local.INFO: [ demo ] [ Demo PISG ] Displayed Info for Experiment [ 1 ]  
[2025-03-24 06:11:00] local.INFO: Tenant ID [ demo ] For User [ Demo PISG ] Displayed current themes  
[2025-03-24 06:11:06] local.INFO: [ demo ] [ Demo PISG ] displayed Experiment list  
[2025-03-24 06:11:09] local.INFO: [ demo ] [ Demo PISG ] Displayed Info for Experiment [1]  
[2025-03-24 06:11:09] local.INFO: [ demo ] [ Demo PISG ] Displayed Info for Experiment [ 1 ]  
[2025-03-24 06:14:24] local.INFO: Tenant ID [ demo ] For User [ Demo PISG ] Displayed current themes  
[2025-03-24 06:14:28] local.INFO: [ demo ] [ Demo PISG ] displayed Experiment list  
[2025-03-24 06:14:31] local.INFO: [ demo ] [ Demo PISG ] Displayed Info for Experiment [1]  
[2025-03-24 06:14:31] local.INFO: [ demo ] [ Demo PISG ] Displayed Info for Experiment [ 1 ]  
[2025-03-24 06:22:26] local.INFO: Tenant ID [ demo ] For User [ Demo PISG ] Displayed current themes  
[2025-03-24 06:22:35] local.INFO: [ demo ] [ Demo PISG ] displayed Experiment list  
[2025-03-24 06:22:40] local.INFO: [ demo ] [ Demo PISG ] Displayed Info for Experiment [1]  
[2025-03-24 06:22:40] local.INFO: [ demo ] [ Demo PISG ] Displayed Info for Experiment [ 1 ]  
[2025-03-24 06:32:48] local.INFO: Tenant ID [ demo ] For User [ Demo PISG ] Displayed current themes  
[2025-03-24 06:32:51] local.INFO: [ demo ] [ Demo PISG ] displayed Experiment list  
[2025-03-24 06:32:54] local.INFO: [ demo ] [ Demo PISG ] Displayed Info for Experiment [1]  
[2025-03-24 06:32:54] local.INFO: [ demo ] [ Demo PISG ] Displayed Info for Experiment [ 1 ]  
[2025-03-24 06:35:18] local.INFO: Tenant ID [ demo ] For User [ Demo PISG ] Displayed current themes  
[2025-03-24 06:35:20] local.INFO: [ demo ] [ Demo PISG ] displayed Experiment list  
[2025-03-24 06:35:24] local.INFO: [ demo ] [ Demo PISG ] Displayed Info for Experiment [1]  
[2025-03-24 06:35:24] local.INFO: [ demo ] [ Demo PISG ] Displayed Info for Experiment [ 1 ]  
[2025-03-24 06:37:48] local.INFO: Tenant ID [ demo ] For User [ Demo PISG ] Displayed current themes  
[2025-03-24 06:37:51] local.INFO: [ demo ] [ Demo PISG ] displayed Experiment list  
[2025-03-24 06:37:54] local.INFO: [ demo ] [ Demo PISG ] Displayed Info for Experiment [1]  
[2025-03-24 06:37:54] local.INFO: [ demo ] [ Demo PISG ] Displayed Info for Experiment [ 1 ]  
[2025-03-24 06:42:11] local.INFO: Tenant ID [ demo ] For User [ Demo PISG ] Displayed current themes  
[2025-03-24 06:42:14] local.INFO: [ demo ] [ Demo PISG ] displayed Experiment list  
[2025-03-24 06:42:16] local.INFO: [ demo ] [ Demo PISG ] Displayed Info for Experiment [1]  
[2025-03-24 06:42:16] local.INFO: [ demo ] [ Demo PISG ] Displayed Info for Experiment [ 1 ]  
[2025-03-24 06:45:06] local.INFO: Tenant ID [ demo ] For User [ Demo PISG ] Displayed current themes  
[2025-03-24 06:45:08] local.INFO: [ demo ] [ Demo PISG ] displayed Experiment list  
[2025-03-24 06:45:12] local.INFO: [ demo ] [ Demo PISG ] Displayed Info for Experiment [1]  
[2025-03-24 06:45:12] local.INFO: [ demo ] [ Demo PISG ] Displayed Info for Experiment [ 1 ]  
[2025-03-24 06:50:42] local.INFO: Tenant ID [ demo ] For User [ Demo PISG ] Displayed current themes  
[2025-03-24 06:50:45] local.INFO: [ demo ] [ Demo PISG ] displayed Experiment list  
[2025-03-24 06:50:48] local.INFO: [ demo ] [ Demo PISG ] Displayed Info for Experiment [1]  
[2025-03-24 06:50:48] local.INFO: [ demo ] [ Demo PISG ] Displayed Info for Experiment [ 1 ]  
[2025-03-24 07:15:23] local.INFO: Tenant ID [ demo ] For User [ Demo PISG ] Displayed current themes  
[2025-03-24 07:15:27] local.INFO: [ demo ] [ Demo PISG ] displayed Experiment list  
[2025-03-24 07:15:29] local.INFO: [ demo ] [ Demo PISG ] Displayed Info for Experiment [1]  
[2025-03-24 07:15:29] local.INFO: [ demo ] [ Demo PISG ] Displayed Info for Experiment [ 1 ]  
[2025-03-24 07:16:49] local.INFO: Tenant ID [ demo ] For User [ Demo PISG ] Displayed current themes  
[2025-03-24 07:16:55] local.INFO: [ demo ] [ Demo PISG ] displayed Experiment list  
[2025-03-24 07:16:58] local.INFO: [ demo ] [ Demo PISG ] Displayed Info for Experiment [1]  
[2025-03-24 07:16:58] local.INFO: [ demo ] [ Demo PISG ] Displayed Info for Experiment [ 1 ]  
[2025-03-24 07:19:01] local.INFO: Tenant ID [ demo ] For User [ Demo PISG ] Displayed current themes  
[2025-03-24 07:19:04] local.INFO: [ demo ] [ Demo PISG ] displayed Experiment list  
[2025-03-24 07:19:07] local.INFO: [ demo ] [ Demo PISG ] Displayed Info for Experiment [1]  
[2025-03-24 07:19:07] local.INFO: [ demo ] [ Demo PISG ] Displayed Info for Experiment [ 1 ]  
[2025-03-24 07:21:25] local.INFO: Tenant ID [ demo ] For User [ Demo PISG ] Displayed current themes  
[2025-03-24 07:21:28] local.INFO: [ demo ] [ Demo PISG ] displayed Experiment list  
[2025-03-24 07:21:31] local.INFO: [ demo ] [ Demo PISG ] Displayed Info for Experiment [1]  
[2025-03-24 07:21:31] local.INFO: [ demo ] [ Demo PISG ] Displayed Info for Experiment [ 1 ]  
[2025-03-24 07:22:16] local.INFO: Tenant ID [ demo ] For User [ Demo PISG ] Displayed current themes  
[2025-03-24 07:22:18] local.INFO: [ demo ] [ Demo PISG ] displayed Experiment list  
[2025-03-24 07:22:21] local.INFO: [ demo ] [ Demo PISG ] Displayed Info for Experiment [1]  
[2025-03-24 07:22:21] local.INFO: [ demo ] [ Demo PISG ] Displayed Info for Experiment [ 1 ]  
[2025-03-24 07:26:29] local.INFO: Tenant ID [ demo ] For User [ Demo PISG ] Displayed current themes  
[2025-03-24 07:26:32] local.INFO: [ demo ] [ Demo PISG ] displayed Experiment list  
[2025-03-24 07:26:34] local.INFO: [ demo ] [ Demo PISG ] Displayed Info for Experiment [1]  
[2025-03-24 07:26:34] local.INFO: [ demo ] [ Demo PISG ] Displayed Info for Experiment [ 1 ]  
[2025-03-24 07:30:21] local.INFO: Tenant ID [ demo ] For User [ Demo PISG ] Displayed current themes  
[2025-03-24 07:30:24] local.INFO: [ demo ] [ Demo PISG ] displayed Experiment list  
[2025-03-24 07:30:27] local.INFO: [ demo ] [ Demo PISG ] Displayed Info for Experiment [1]  
[2025-03-24 07:30:27] local.INFO: [ demo ] [ Demo PISG ] Displayed Info for Experiment [ 1 ]  
[2025-03-24 07:31:52] local.INFO: Tenant ID [ demo ] For User [ Demo PISG ] Displayed current themes  
[2025-03-24 07:31:56] local.INFO: [ demo ] [ Demo PISG ] displayed Experiment list  
[2025-03-24 07:31:59] local.INFO: [ demo ] [ Demo PISG ] Displayed Info for Experiment [1]  
[2025-03-24 07:31:59] local.INFO: [ demo ] [ Demo PISG ] Displayed Info for Experiment [ 1 ]  
[2025-03-24 07:33:47] local.INFO: Tenant ID [ demo ] For User [ Demo PISG ] Displayed current themes  
[2025-03-24 07:33:50] local.INFO: [ demo ] [ Demo PISG ] displayed Experiment list  
[2025-03-24 07:33:53] local.INFO: [ demo ] [ Demo PISG ] Displayed Info for Experiment [1]  
[2025-03-24 07:33:53] local.INFO: [ demo ] [ Demo PISG ] Displayed Info for Experiment [ 1 ]  
[2025-03-24 10:23:14] local.INFO: Tenant ID [ demo ] For User [ Demo PISG ] Displayed current themes  
[2025-03-24 10:23:17] local.INFO: [ demo ] [ Demo PISG ] displayed Experiment list  
[2025-03-24 10:23:25] local.INFO: [ demo ] [ Demo PISG ] Displayed Info for Experiment [1]  
[2025-03-24 10:23:25] local.INFO: [ demo ] [ Demo PISG ] Displayed Info for Experiment [ 1 ]  
[2025-03-24 10:39:21] local.INFO: Tenant ID [ demo ] For User [ Demo PISG ] Displayed current themes  
[2025-03-24 10:39:24] local.INFO: [ demo ] [ Demo PISG ] displayed Experiment list  
[2025-03-24 10:39:27] local.INFO: [ demo ] [ Demo PISG ] Displayed Info for Experiment [1]  
[2025-03-24 10:39:27] local.INFO: [ demo ] [ Demo PISG ] Displayed Info for Experiment [ 1 ]  
[2025-03-24 10:45:44] local.INFO: Tenant ID [ demo ] For User [ Demo PISG ] Displayed current themes  
[2025-03-24 10:45:48] local.INFO: [ demo ] [ Demo PISG ] displayed Experiment list  
[2025-03-24 10:45:51] local.INFO: [ demo ] [ Demo PISG ] Displayed Info for Experiment [1]  
[2025-03-24 10:45:51] local.INFO: [ demo ] [ Demo PISG ] Displayed Info for Experiment [ 1 ]  
[2025-03-24 11:03:59] local.INFO: [ demo ] [ Demo PISG ] saved image [ Rjyl2mlWR7_Expt1.jpeg ]  
[2025-03-24 11:30:17] local.INFO: Tenant ID [ demo ] For User [ Demo PISG ] Displayed current themes  
[2025-03-24 11:30:20] local.INFO: [ demo ] [ Demo PISG ] displayed Experiment list  
[2025-03-24 11:30:23] local.INFO: [ demo ] [ Demo PISG ] Displayed Info for Experiment [1]  
[2025-03-24 11:30:23] local.INFO: [ demo ] [ Demo PISG ] Displayed Info for Experiment [ 1 ]  
[2025-03-24 11:30:43] local.INFO: [ demo ] [ Demo PISG ] saved image [ 7NXQSyYSK2_Expt1.jpeg ]  
[2025-03-24 11:35:44] local.INFO: [ demo ] [ Demo PISG ] saved image [ tyXpW3aWo8_Expt1.jpeg ]  
[2025-03-24 11:39:54] local.INFO: [ demo ] [ Demo PISG ] saved image [ APCeUyj6xb_Expt1.jpeg ]  
[2025-03-24 11:41:23] local.INFO: [ demo ] [ Demo PISG ] saved image [ nkcdAMZDYD_Expt1.jpeg ]  
[2025-03-24 11:46:25] local.INFO: [ demo ] [ Demo PISG ] saved image [ eQhHvLu2xX_Expt1.jpeg ]  
[2025-03-24 11:57:32] local.INFO: [ demo ] [ Demo PISG ] saved image [ NvblvbWyqb_Expt1.jpeg ]  
[2025-03-24 11:58:17] local.INFO: [ demo ] [ Demo PISG ] saved image [ JowazZkRc7_Expt1.jpeg ]  
[2025-03-24 15:17:31] local.INFO: Tenant ID [ demo ] For User [ Demo PISG ] Displayed current themes  
[2025-03-24 15:17:35] local.INFO: [ demo ] [ Demo PISG ] displayed Experiment list  
[2025-03-24 15:17:39] local.INFO: [ demo ] [ Demo PISG ] Displayed Info for Experiment [1]  
[2025-03-24 15:17:39] local.INFO: [ demo ] [ Demo PISG ] Displayed Info for Experiment [ 1 ]  
[2025-03-24 15:17:57] local.INFO: [ demo ] [ Demo PISG ] saved image [ gW3y1x9v3n_Expt1.jpeg ]  
[2025-03-24 15:24:22] local.INFO: [ demo ] [ Demo PISG ] saved image [ Yx7Oj52Qza_Expt1.jpeg ]  
[2025-03-24 15:25:01] local.INFO: [ demo ] [ Demo PISG ] saved image [ Pxgct6xfax_Expt1.jpeg ]  
[2025-03-24 15:43:53] local.INFO: Tenant ID [ demo ] For User [ Demo PISG ] Displayed current themes  
[2025-03-24 15:43:57] local.INFO: [ demo ] [ Demo PISG ] displayed Experiment list  
[2025-03-24 15:44:00] local.INFO: [ demo ] [ Demo PISG ] Displayed Info for Experiment [1]  
[2025-03-24 15:44:00] local.INFO: [ demo ] [ Demo PISG ] Displayed Info for Experiment [ 1 ]  
[2025-03-24 15:44:18] local.INFO: [ demo ] [ Demo PISG ] saved image [ hgjLEm9Eqp_Expt1.jpeg ]  
[2025-03-24 15:54:20] local.INFO: [ demo ] [ Demo PISG ] saved image [ aCR2Q4WjYU_Expt1.jpeg ]  
[2025-03-24 15:55:18] local.INFO: [ demo ] [ Demo PISG ] saved image [ LuajPzBRan_Expt1.jpeg ]  
[2025-03-24 15:55:19] local.INFO: [ Demo PISG ] saved Image with name [ 1 D: 24-03-2025 ]  
[2025-03-24 15:55:19] local.INFO: [ demo ] [ Demo PISG ] saved Image for expt id [ 1 ]  
[2025-03-24 15:56:57] local.INFO: [ demo ] [ Demo PISG ] saved image [ DhbNub77yw_Expt1.jpeg ]  
[2025-03-24 15:56:57] local.INFO: [ Demo PISG ] saved Image with name [ 1 D: 24-03-2025 ]  
[2025-03-24 15:56:58] local.INFO: [ demo ] [ Demo PISG ] saved Image for expt id [ 1 ]  
[2025-03-24 16:09:00] local.INFO: Tenant ID [ demo ] For User [ Demo PISG ] Displayed current themes  
[2025-03-24 16:09:04] local.INFO: [ demo ] [ Demo PISG ] displayed Experiment list  
[2025-03-24 16:09:08] local.INFO: [ demo ] [ Demo PISG ] Displayed Info for Experiment [1]  
[2025-03-24 16:09:08] local.INFO: [ demo ] [ Demo PISG ] Displayed Info for Experiment [ 1 ]  
[2025-03-24 16:12:30] local.INFO: Tenant ID [ demo ] For User [ Demo PISG ] Displayed current themes  
[2025-03-24 16:12:33] local.INFO: [ demo ] [ Demo PISG ] displayed Experiment list  
[2025-03-24 16:12:38] local.INFO: [ demo ] [ Demo PISG ] Displayed Info for Experiment [1]  
[2025-03-24 16:12:38] local.INFO: [ demo ] [ Demo PISG ] Displayed Info for Experiment [ 1 ]  
[2025-03-24 16:14:19] local.INFO: [ demo ] [ Demo PISG ] Displayed Info for Experiment [1]  
[2025-03-24 16:14:19] local.INFO: [ demo ] [ Demo PISG ] Displayed Info for Experiment [ 1 ]  
[2025-03-24 16:14:31] local.INFO: Tenant ID [ demo ] For User [ Demo PISG ] Displayed current themes  
[2025-03-24 16:14:33] local.INFO: [ demo ] [ Demo PISG ] displayed Experiment list  
[2025-03-24 16:14:35] local.INFO: [ demo ] [ Demo PISG ] Displayed Info for Experiment [1]  
[2025-03-24 16:14:35] local.INFO: [ demo ] [ Demo PISG ] Displayed Info for Experiment [ 1 ]  
[2025-03-24 17:19:36] local.INFO: Tenant ID [ demo ] For User [ Demo PISG ] Displayed current themes  
[2025-03-24 17:19:40] local.INFO: [ demo ] [ Demo PISG ] displayed Experiment list  
[2025-03-24 17:19:43] local.INFO: [ demo ] [ Demo PISG ] Displayed Info for Experiment [1]  
[2025-03-24 17:19:43] local.INFO: [ demo ] [ Demo PISG ] Displayed Info for Experiment [ 1 ]  
[2025-03-24 17:23:28] local.INFO: [ demo ] [ Demo PISG ] Displayed Info for Experiment [1]  
[2025-03-24 17:23:28] local.INFO: [ demo ] [ Demo PISG ] Displayed Info for Experiment [ 1 ]  
[2025-03-24 17:23:51] local.INFO: [ demo ] [ Demo PISG ] Displayed Info for Experiment [1]  
[2025-03-24 17:23:51] local.INFO: [ demo ] [ Demo PISG ] Displayed Info for Experiment [ 1 ]  
[2025-03-24 17:24:08] local.INFO: [ demo ] [ Demo PISG ] Displayed Info for Experiment [1]  
[2025-03-24 17:24:08] local.INFO: [ demo ] [ Demo PISG ] Displayed Info for Experiment [ 1 ]  
